TN:
SF:scripts/build-validate.ts
FN:45,checkFileExists
FN:58,validateOpenAPI
FN:81,validateJSON
FN:86,(anonymous_12)
FN:99,checkDirectoryContains
FN:105,(anonymous_14)
FN:120,checkMarkdownContains
FN:134,validateWorkflow
FN:160,runBuildValidation
FN:226,(anonymous_18)
FN:227,(anonymous_19)
FNF:11
FNH:11
FNDA:72,checkFileExists
FNDA:8,validateOpenAPI
FNDA:9,validateJSON
FNDA:14,(anonymous_12)
FNDA:17,checkDirectoryContains
FNDA:27,(anonymous_14)
FNDA:12,checkMarkdownContains
FNDA:8,validateWorkflow
FNDA:4,runBuildValidation
FNDA:100,(anonymous_18)
FNDA:100,(anonymous_19)
DA:20,1
DA:21,1
DA:22,1
DA:45,1
DA:46,72
DA:47,72
DA:48,72
DA:58,1
DA:59,8
DA:60,8
DA:61,8
DA:62,4
DA:63,4
DA:64,4
DA:70,4
DA:81,1
DA:82,9
DA:83,9
DA:84,9
DA:85,6
DA:86,14
DA:87,5
DA:88,1
DA:90,4
DA:92,4
DA:99,1
DA:100,17
DA:101,17
DA:102,17
DA:103,7
DA:105,27
DA:106,10
DA:107,10
DA:113,0
DA:120,1
DA:121,12
DA:122,12
DA:123,12
DA:124,11
DA:125,11
DA:127,1
DA:134,1
DA:135,8
DA:136,8
DA:137,8
DA:138,3
DA:140,5
DA:141,5
DA:142,1
DA:144,4
DA:145,4
DA:146,4
DA:147,1
DA:149,3
DA:151,0
DA:160,1
DA:161,4
DA:164,4
DA:165,4
DA:166,4
DA:167,4
DA:168,4
DA:169,4
DA:170,4
DA:173,4
DA:176,4
DA:181,4
DA:184,4
DA:192,4
DA:193,24
DA:197,4
DA:200,4
DA:203,4
DA:204,12
DA:211,4
DA:214,4
DA:215,4
DA:216,2
DA:217,2
DA:218,2
DA:219,2
DA:223,4
DA:226,100
DA:227,100
DA:229,4
LF:85
LH:83
BRDA:46,0,0,72
BRDA:46,0,1,27
BRDA:51,1,0,36
BRDA:51,1,1,36
BRDA:63,2,0,4
BRDA:63,2,1,3
BRDA:81,3,0,0
BRDA:87,4,0,1
BRDA:87,4,1,4
BRDA:102,5,0,7
BRDA:102,5,1,10
BRDA:110,6,0,8
BRDA:110,6,1,2
BRDA:125,7,0,10
BRDA:125,7,1,1
BRDA:137,8,0,3
BRDA:137,8,1,5
BRDA:141,9,0,1
BRDA:141,9,1,4
BRDA:144,10,0,4
BRDA:144,10,1,0
BRDA:146,11,0,1
BRDA:146,11,1,3
BRDA:146,12,0,4
BRDA:146,12,1,4
BRDA:160,13,0,0
BRDA:215,14,0,2
BRDA:215,14,1,2
BRF:28
BRH:25
end_of_record
TN:
SF:scripts/check-links.ts
FN:48,extractLinksFromFile
FN:71,collectMarkdownFiles
FN:94,resolveInternalLink
FN:106,checkInternalLink
FN:115,(anonymous_13)
FN:192,runLinkCheck
FNF:6
FNH:6
FNDA:17,extractLinksFromFile
FNDA:15,collectMarkdownFiles
FNDA:15,resolveInternalLink
FNDA:11,checkInternalLink
FNDA:27,(anonymous_13)
FNDA:7,runLinkCheck
DA:18,1
DA:19,1
DA:41,1
DA:42,1
DA:43,1
DA:48,1
DA:49,17
DA:50,17
DA:54,17
DA:55,17
DA:56,51
DA:57,51
DA:58,16
DA:59,16
DA:60,16
DA:65,17
DA:71,1
DA:72,15
DA:74,15
DA:76,14
DA:77,18
DA:78,18
DA:79,2
DA:80,16
DA:81,15
DA:85,14
DA:94,1
DA:95,15
DA:97,1
DA:100,14
DA:106,1
DA:107,11
DA:108,11
DA:115,27
DA:117,11
DA:133,1
DA:192,1
DA:197,7
DA:200,7
DA:201,7
DA:202,8
DA:205,7
DA:213,7
DA:214,9
DA:216,9
DA:217,8
DA:218,8
DA:220,8
DA:221,3
DA:222,3
DA:224,0
DA:225,0
DA:226,0
DA:229,5
DA:230,5
DA:231,2
DA:236,7
LF:57
LH:54
BRDA:58,0,0,16
BRDA:58,0,1,1
BRDA:59,1,0,16
BRDA:59,1,1,0
BRDA:59,2,0,16
BRDA:59,2,1,16
BRDA:59,2,2,16
BRDA:74,3,0,1
BRDA:74,3,1,14
BRDA:78,4,0,2
BRDA:78,4,1,16
BRDA:80,5,0,15
BRDA:80,5,1,1
BRDA:80,6,0,16
BRDA:80,6,1,16
BRDA:80,6,2,2
BRDA:95,7,0,1
BRDA:95,7,1,14
BRDA:121,8,0,6
BRDA:121,8,1,5
BRDA:122,9,0,6
BRDA:122,9,1,5
BRDA:195,10,0,0
BRDA:197,11,0,0
BRDA:218,12,0,8
BRDA:218,12,1,8
BRDA:220,13,0,3
BRDA:220,13,1,5
BRDA:221,14,0,3
BRDA:221,14,1,0
BRDA:225,15,0,0
BRDA:225,15,1,0
BRDA:230,16,0,3
BRDA:230,16,1,2
BRF:34
BRH:28
end_of_record
TN:
SF:scripts/generate-openapi.ts
FN:99,extractRoutesFromTSFile
FN:136,(anonymous_10)
FN:148,buildPathsFromRoutes
FN:178,mergeOpenAPISpecs
FN:211,(anonymous_13)
FN:230,validateOpenAPISpec
FN:250,(anonymous_15)
FN:262,loadSpecFromFile
FN:274,writeSpecToFile
FNF:9
FNH:9
FNDA:12,extractRoutesFromTSFile
FNDA:49,(anonymous_10)
FNDA:6,buildPathsFromRoutes
FNDA:7,mergeOpenAPISpecs
FNDA:3,(anonymous_13)
FNDA:20,validateOpenAPISpec
FNDA:12,(anonymous_15)
FNDA:12,loadSpecFromFile
FNDA:4,writeSpecToFile
DA:11,2
DA:12,2
DA:99,2
DA:100,12
DA:103,12
DA:104,12
DA:106,12
DA:108,12
DA:109,16
DA:110,16
DA:111,16
DA:116,16
DA:117,16
DA:118,16
DA:120,16
DA:129,12
DA:131,12
DA:132,25
DA:133,25
DA:136,49
DA:137,25
DA:138,24
DA:142,12
DA:148,2
DA:149,6
DA:151,6
DA:152,15
DA:154,15
DA:162,15
DA:163,15
DA:164,15
DA:166,15
DA:169,6
DA:178,2
DA:179,7
DA:192,7
DA:194,9
DA:195,5
DA:196,5
DA:197,1
DA:199,4
DA:205,9
DA:206,2
DA:210,9
DA:211,3
DA:212,2
DA:213,3
DA:214,2
DA:215,2
DA:221,7
DA:230,2
DA:231,20
DA:232,17
DA:235,17
DA:236,14
DA:237,13
DA:238,13
DA:240,12
DA:241,12
DA:242,11
DA:245,10
DA:246,10
DA:247,10
DA:248,12
DA:249,11
DA:250,12
DA:251,11
DA:254,8
DA:262,2
DA:263,12
DA:264,8
DA:265,8
DA:266,2
DA:268,6
DA:274,2
DA:275,4
DA:276,4
LF:77
LH:77
BRDA:104,0,0,6
BRDA:104,0,1,6
BRDA:110,1,0,16
BRDA:110,1,1,0
BRDA:111,2,0,16
BRDA:111,2,1,0
BRDA:112,3,0,16
BRDA:112,3,1,0
BRDA:113,4,0,0
BRDA:113,4,1,0
BRDA:123,5,0,10
BRDA:123,5,1,6
BRDA:124,6,0,0
BRDA:124,6,1,16
BRDA:136,7,0,49
BRDA:136,7,1,4
BRDA:137,8,0,24
BRDA:137,8,1,1
BRDA:152,9,0,10
BRDA:152,9,1,5
BRDA:162,10,0,15
BRDA:162,10,1,0
BRDA:163,11,0,5
BRDA:163,11,1,10
BRDA:164,12,0,10
BRDA:164,12,1,5
BRDA:184,13,0,7
BRDA:184,13,1,6
BRDA:185,14,0,7
BRDA:185,14,1,7
BRDA:186,15,0,7
BRDA:186,15,1,7
BRDA:188,16,0,7
BRDA:188,16,1,6
BRDA:189,17,0,7
BRDA:189,17,1,7
BRDA:194,18,0,5
BRDA:194,18,1,4
BRDA:196,19,0,1
BRDA:196,19,1,4
BRDA:205,20,0,2
BRDA:205,20,1,7
BRDA:210,21,0,2
BRDA:210,21,1,7
BRDA:213,22,0,2
BRDA:213,22,1,1
BRDA:231,23,0,3
BRDA:231,23,1,17
BRDA:231,24,0,20
BRDA:231,24,1,19
BRDA:235,25,0,3
BRDA:235,25,1,14
BRDA:236,26,0,1
BRDA:236,26,1,13
BRDA:237,27,0,0
BRDA:237,27,1,13
BRDA:237,28,0,13
BRDA:237,28,1,13
BRDA:238,29,0,1
BRDA:238,29,1,12
BRDA:238,30,0,13
BRDA:238,30,1,12
BRDA:241,31,0,1
BRDA:241,31,1,11
BRDA:241,32,0,12
BRDA:241,32,1,11
BRDA:242,33,0,1
BRDA:242,33,1,10
BRDA:242,34,0,11
BRDA:242,34,1,10
BRDA:248,35,0,1
BRDA:248,35,1,11
BRDA:249,36,0,0
BRDA:249,36,1,11
BRDA:249,37,0,11
BRDA:249,37,1,11
BRDA:251,38,0,1
BRDA:251,38,1,10
BRDA:265,39,0,2
BRDA:265,39,1,6
BRF:80
BRH:71
end_of_record
TN:
SF:scripts/translate.ts
FN:47,extractCodeBlocks
FN:51,(anonymous_11)
FN:57,(anonymous_12)
FN:69,restoreCodeBlocks
FN:70,(anonymous_14)
FN:90,extractLinkTexts
FN:92,(anonymous_16)
FN:103,restoreLinkTexts
FN:105,(anonymous_18)
FN:136,sanitizeMarkdown
FN:144,sanitizePlainText
FN:203,translateMarkdown
FNF:12
FNH:12
FNDA:20,extractCodeBlocks
FNDA:11,(anonymous_11)
FNDA:7,(anonymous_12)
FNDA:18,restoreCodeBlocks
FNDA:15,(anonymous_14)
FNDA:18,extractLinkTexts
FNDA:13,(anonymous_16)
FNDA:17,restoreLinkTexts
FNDA:12,(anonymous_18)
FNDA:7,sanitizeMarkdown
FNDA:29,sanitizePlainText
FNDA:12,translateMarkdown
DA:17,1
DA:18,1
DA:19,1
DA:39,1
DA:40,1
DA:47,1
DA:48,20
DA:51,20
DA:52,11
DA:53,11
DA:57,20
DA:58,7
DA:59,7
DA:62,20
DA:69,1
DA:70,18
DA:71,15
DA:72,15
DA:73,14
DA:75,1
DA:81,1
DA:82,1
DA:90,1
DA:91,18
DA:92,18
DA:93,13
DA:94,13
DA:96,18
DA:103,1
DA:104,17
DA:105,17
DA:106,12
DA:107,12
DA:108,12
DA:114,1
DA:136,1
DA:137,7
DA:144,1
DA:146,29
DA:160,1
DA:203,1
DA:209,12
DA:212,12
DA:215,12
DA:218,12
DA:225,12
DA:234,12
DA:237,12
DA:240,12
DA:244,12
DA:248,12
DA:251,12
DA:253,12
LF:53
LH:53
BRDA:72,0,0,14
BRDA:72,0,1,1
BRDA:72,1,0,15
BRDA:72,1,1,15
BRDA:104,2,0,17
BRDA:104,2,1,14
BRDA:107,3,0,12
BRDA:107,3,1,0
BRDA:107,4,0,12
BRDA:107,4,1,12
BRDA:107,5,0,0
BRDA:107,5,1,0
BRDA:206,6,0,0
BRF:13
BRH:9
end_of_record
